  AdminAccount.cpp
C:\Users\Poltato\Documents\GitHub\Taxi_Service_Official_2\Taxi_Service_Official_2\Taxi Project 3\Taxi Project 3\Functions.h(38,2): warning C4091: 'extern ': ignored on left of 'paymentMethod' when no variable is declared
C:\Users\Poltato\Documents\GitHub\Taxi_Service_Official_2\Taxi_Service_Official_2\Taxi Project 3\Taxi Project 3\Functions.h(46,2): warning C4091: 'extern ': ignored on left of 'Customer' when no variable is declared
C:\Users\Poltato\Documents\GitHub\Taxi_Service_Official_2\Taxi_Service_Official_2\Taxi Project 3\Taxi Project 3\Functions.h(75,2): warning C4091: 'extern ': ignored on left of 'Driver' when no variable is declared
C:\Users\Poltato\Documents\GitHub\Taxi_Service_Official_2\Taxi_Service_Official_2\Taxi Project 3\Taxi Project 3\AdminAccount.cpp(71,17): warning C4101: 'menuOption': unreferenced local variable
C:\Users\Poltato\Documents\GitHub\Taxi_Service_Official_2\Taxi_Service_Official_2\Taxi Project 3\Taxi Project 3\AdminAccount.cpp(89,14): warning C4101: 'menuOption': unreferenced local variable
  Booking_page.cpp
C:\Users\Poltato\Documents\GitHub\Taxi_Service_Official_2\Taxi_Service_Official_2\Taxi Project 3\Taxi Project 3\Functions.h(38,2): warning C4091: 'extern ': ignored on left of 'paymentMethod' when no variable is declared
C:\Users\Poltato\Documents\GitHub\Taxi_Service_Official_2\Taxi_Service_Official_2\Taxi Project 3\Taxi Project 3\Functions.h(46,2): warning C4091: 'extern ': ignored on left of 'Customer' when no variable is declared
C:\Users\Poltato\Documents\GitHub\Taxi_Service_Official_2\Taxi_Service_Official_2\Taxi Project 3\Taxi Project 3\Functions.h(75,2): warning C4091: 'extern ': ignored on left of 'Driver' when no variable is declared
C:\Users\Poltato\Documents\GitHub\Taxi_Service_Official_2\Taxi_Service_Official_2\Taxi Project 3\Taxi Project 3\Booking_page.cpp(110,9): warning C4101: 'passengerCount': unreferenced local variable
C:\Users\Poltato\Documents\GitHub\Taxi_Service_Official_2\Taxi_Service_Official_2\Taxi Project 3\Taxi Project 3\Booking_page.cpp(244,25): warning C4101: 'choice': unreferenced local variable
C:\Users\Poltato\Documents\GitHub\Taxi_Service_Official_2\Taxi_Service_Official_2\Taxi Project 3\Taxi Project 3\Booking_page.cpp(334,37): warning C4101: 'confirm': unreferenced local variable
C:\Users\Poltato\Documents\GitHub\Taxi_Service_Official_2\Taxi_Service_Official_2\Taxi Project 3\Taxi Project 3\Booking_page.cpp(341,25): warning C4101: 'confirm': unreferenced local variable
C:\Users\Poltato\Documents\GitHub\Taxi_Service_Official_2\Taxi_Service_Official_2\Taxi Project 3\Taxi Project 3\Booking_page.cpp(355,24): warning C4101: 'choice': unreferenced local variable
  CustomerRegistration.cpp
C:\Users\Poltato\Documents\GitHub\Taxi_Service_Official_2\Taxi_Service_Official_2\Taxi Project 3\Taxi Project 3\Functions.h(38,2): warning C4091: 'extern ': ignored on left of 'paymentMethod' when no variable is declared
C:\Users\Poltato\Documents\GitHub\Taxi_Service_Official_2\Taxi_Service_Official_2\Taxi Project 3\Taxi Project 3\Functions.h(46,2): warning C4091: 'extern ': ignored on left of 'Customer' when no variable is declared
C:\Users\Poltato\Documents\GitHub\Taxi_Service_Official_2\Taxi_Service_Official_2\Taxi Project 3\Taxi Project 3\Functions.h(75,2): warning C4091: 'extern ': ignored on left of 'Driver' when no variable is declared
  DWriteTXT.cpp
C:\Users\Poltato\Documents\GitHub\Taxi_Service_Official_2\Taxi_Service_Official_2\Taxi Project 3\Taxi Project 3\Functions.h(38,2): warning C4091: 'extern ': ignored on left of 'paymentMethod' when no variable is declared
C:\Users\Poltato\Documents\GitHub\Taxi_Service_Official_2\Taxi_Service_Official_2\Taxi Project 3\Taxi Project 3\Functions.h(46,2): warning C4091: 'extern ': ignored on left of 'Customer' when no variable is declared
C:\Users\Poltato\Documents\GitHub\Taxi_Service_Official_2\Taxi_Service_Official_2\Taxi Project 3\Taxi Project 3\Functions.h(75,2): warning C4091: 'extern ': ignored on left of 'Driver' when no variable is declared
  DriverAccount.cpp
C:\Users\Poltato\Documents\GitHub\Taxi_Service_Official_2\Taxi_Service_Official_2\Taxi Project 3\Taxi Project 3\Functions.h(38,2): warning C4091: 'extern ': ignored on left of 'paymentMethod' when no variable is declared
C:\Users\Poltato\Documents\GitHub\Taxi_Service_Official_2\Taxi_Service_Official_2\Taxi Project 3\Taxi Project 3\Functions.h(46,2): warning C4091: 'extern ': ignored on left of 'Customer' when no variable is declared
C:\Users\Poltato\Documents\GitHub\Taxi_Service_Official_2\Taxi_Service_Official_2\Taxi Project 3\Taxi Project 3\Functions.h(75,2): warning C4091: 'extern ': ignored on left of 'Driver' when no variable is declared
C:\Users\Poltato\Documents\GitHub\Taxi_Service_Official_2\Taxi_Service_Official_2\Taxi Project 3\Taxi Project 3\DriverAccount.cpp(8,7): warning C4101: 'availableState': unreferenced local variable
C:\Users\Poltato\Documents\GitHub\Taxi_Service_Official_2\Taxi_Service_Official_2\Taxi Project 3\Taxi Project 3\DriverAccount.cpp(49,14): warning C4101: 'menuOption': unreferenced local variable
  DriverRegistration.cpp
C:\Users\Poltato\Documents\GitHub\Taxi_Service_Official_2\Taxi_Service_Official_2\Taxi Project 3\Taxi Project 3\Functions.h(38,2): warning C4091: 'extern ': ignored on left of 'paymentMethod' when no variable is declared
C:\Users\Poltato\Documents\GitHub\Taxi_Service_Official_2\Taxi_Service_Official_2\Taxi Project 3\Taxi Project 3\Functions.h(46,2): warning C4091: 'extern ': ignored on left of 'Customer' when no variable is declared
C:\Users\Poltato\Documents\GitHub\Taxi_Service_Official_2\Taxi_Service_Official_2\Taxi Project 3\Taxi Project 3\Functions.h(75,2): warning C4091: 'extern ': ignored on left of 'Driver' when no variable is declared
C:\Users\Poltato\Documents\GitHub\Taxi_Service_Official_2\Taxi_Service_Official_2\Taxi Project 3\Taxi Project 3\DriverRegistration.cpp(71,13): warning C4244: 'argument': conversion from 'time_t' to 'unsigned int', possible loss of data
  Function.cpp
C:\Users\Poltato\Documents\GitHub\Taxi_Service_Official_2\Taxi_Service_Official_2\Taxi Project 3\Taxi Project 3\Functions.h(38,2): warning C4091: 'extern ': ignored on left of 'paymentMethod' when no variable is declared
C:\Users\Poltato\Documents\GitHub\Taxi_Service_Official_2\Taxi_Service_Official_2\Taxi Project 3\Taxi Project 3\Functions.h(46,2): warning C4091: 'extern ': ignored on left of 'Customer' when no variable is declared
C:\Users\Poltato\Documents\GitHub\Taxi_Service_Official_2\Taxi_Service_Official_2\Taxi Project 3\Taxi Project 3\Functions.h(75,2): warning C4091: 'extern ': ignored on left of 'Driver' when no variable is declared
  Landing.cpp
C:\Users\Poltato\Documents\GitHub\Taxi_Service_Official_2\Taxi_Service_Official_2\Taxi Project 3\Taxi Project 3\Functions.h(38,2): warning C4091: 'extern ': ignored on left of 'paymentMethod' when no variable is declared
C:\Users\Poltato\Documents\GitHub\Taxi_Service_Official_2\Taxi_Service_Official_2\Taxi Project 3\Taxi Project 3\Functions.h(46,2): warning C4091: 'extern ': ignored on left of 'Customer' when no variable is declared
C:\Users\Poltato\Documents\GitHub\Taxi_Service_Official_2\Taxi_Service_Official_2\Taxi Project 3\Taxi Project 3\Functions.h(75,2): warning C4091: 'extern ': ignored on left of 'Driver' when no variable is declared
  LoggedInPages.cpp
C:\Users\Poltato\Documents\GitHub\Taxi_Service_Official_2\Taxi_Service_Official_2\Taxi Project 3\Taxi Project 3\Functions.h(38,2): warning C4091: 'extern ': ignored on left of 'paymentMethod' when no variable is declared
C:\Users\Poltato\Documents\GitHub\Taxi_Service_Official_2\Taxi_Service_Official_2\Taxi Project 3\Taxi Project 3\Functions.h(46,2): warning C4091: 'extern ': ignored on left of 'Customer' when no variable is declared
C:\Users\Poltato\Documents\GitHub\Taxi_Service_Official_2\Taxi_Service_Official_2\Taxi Project 3\Taxi Project 3\Functions.h(75,2): warning C4091: 'extern ': ignored on left of 'Driver' when no variable is declared
C:\Users\Poltato\Documents\GitHub\Taxi_Service_Official_2\Taxi_Service_Official_2\Taxi Project 3\Taxi Project 3\LoggedInPages.cpp(22,15): warning C4101: 'accountType': unreferenced local variable
  ReadCSV.cpp
C:\Users\Poltato\Documents\GitHub\Taxi_Service_Official_2\Taxi_Service_Official_2\Taxi Project 3\Taxi Project 3\Functions.h(38,2): warning C4091: 'extern ': ignored on left of 'paymentMethod' when no variable is declared
C:\Users\Poltato\Documents\GitHub\Taxi_Service_Official_2\Taxi_Service_Official_2\Taxi Project 3\Taxi Project 3\Functions.h(46,2): warning C4091: 'extern ': ignored on left of 'Customer' when no variable is declared
C:\Users\Poltato\Documents\GitHub\Taxi_Service_Official_2\Taxi_Service_Official_2\Taxi Project 3\Taxi Project 3\Functions.h(75,2): warning C4091: 'extern ': ignored on left of 'Driver' when no variable is declared
  ReadTXT.cpp
C:\Users\Poltato\Documents\GitHub\Taxi_Service_Official_2\Taxi_Service_Official_2\Taxi Project 3\Taxi Project 3\Functions.h(38,2): warning C4091: 'extern ': ignored on left of 'paymentMethod' when no variable is declared
C:\Users\Poltato\Documents\GitHub\Taxi_Service_Official_2\Taxi_Service_Official_2\Taxi Project 3\Taxi Project 3\Functions.h(46,2): warning C4091: 'extern ': ignored on left of 'Customer' when no variable is declared
C:\Users\Poltato\Documents\GitHub\Taxi_Service_Official_2\Taxi_Service_Official_2\Taxi Project 3\Taxi Project 3\Functions.h(75,2): warning C4091: 'extern ': ignored on left of 'Driver' when no variable is declared
  Taxi Project 3.cpp
C:\Users\Poltato\Documents\GitHub\Taxi_Service_Official_2\Taxi_Service_Official_2\Taxi Project 3\Taxi Project 3\Functions.h(38,2): warning C4091: 'extern ': ignored on left of 'paymentMethod' when no variable is declared
C:\Users\Poltato\Documents\GitHub\Taxi_Service_Official_2\Taxi_Service_Official_2\Taxi Project 3\Taxi Project 3\Functions.h(46,2): warning C4091: 'extern ': ignored on left of 'Customer' when no variable is declared
C:\Users\Poltato\Documents\GitHub\Taxi_Service_Official_2\Taxi_Service_Official_2\Taxi Project 3\Taxi Project 3\Functions.h(75,2): warning C4091: 'extern ': ignored on left of 'Driver' when no variable is declared
  UserAccount.cpp
C:\Users\Poltato\Documents\GitHub\Taxi_Service_Official_2\Taxi_Service_Official_2\Taxi Project 3\Taxi Project 3\Functions.h(38,2): warning C4091: 'extern ': ignored on left of 'paymentMethod' when no variable is declared
C:\Users\Poltato\Documents\GitHub\Taxi_Service_Official_2\Taxi_Service_Official_2\Taxi Project 3\Taxi Project 3\Functions.h(46,2): warning C4091: 'extern ': ignored on left of 'Customer' when no variable is declared
C:\Users\Poltato\Documents\GitHub\Taxi_Service_Official_2\Taxi_Service_Official_2\Taxi Project 3\Taxi Project 3\Functions.h(75,2): warning C4091: 'extern ': ignored on left of 'Driver' when no variable is declared
C:\Users\Poltato\Documents\GitHub\Taxi_Service_Official_2\Taxi_Service_Official_2\Taxi Project 3\Taxi Project 3\UserAccount.cpp(69,14): warning C4101: 'menuOption': unreferenced local variable
  Generating Code...
  Taxi Project 3.vcxproj -> C:\Users\Poltato\Documents\GitHub\Taxi_Service_Official_2\Taxi_Service_Official_2\Taxi Project 3\x64\Debug\Taxi Project 3.exe
